生成启动时间为 2019/6/26 16:28:27。
     1>项目“C:\Users\29488\Desktop\vc++\MFCsnake\MFCsnake\MFCsnake.vcxproj”在节点 2 上(build 个目标)。
     1>InitializeBuildStatus:
         正在创建“Debug\MFCsnake.unsuccessfulbuild”，因为已指定“AlwaysCreate”。
       ClCompile:
         所有输出均为最新。
         所有输出均为最新。
       ResourceCompile:
         所有输出均为最新。
       ManifestResourceCompile:
         所有输出均为最新。
       Link:
         c:\Program Files (x86)\Microsoft Visual Studio 10.0\VC\bin\link.exe /ERRORREPORT:PROMPT /OUT:"C:\Users\29488\Desktop\vc++\MFCsnake\Debug\MFCsnake.exe" /INCREMENTAL /NOLOGO winmm.lib Msimg32.lib /MANIFEST /ManifestFile:"Debug\MFCsnake.exe.intermediate.manifest" /MANIFESTUAC:"level='asInvoker' uiAccess='false'" /DEBUG /PDB:"C:\Users\29488\Desktop\vc++\MFCsnake\Debug\MFCsnake.pdb" /SUBSYSTEM:WINDOWS /TLBID:1 /ENTRY:"wWinMainCRTStartup" /DYNAMICBASE /NXCOMPAT /IMPLIB:"C:\Users\29488\Desktop\vc++\MFCsnake\Debug\MFCsnake.lib" /MACHINE:X86 Debug\MFCsnake.res
         Debug\MFCsnake.exe.embed.manifest.res
         Debug\ClassView.obj
         Debug\FileView.obj
         Debug\MainFrm.obj
         Debug\MFCsnake.obj
         Debug\MFCsnakeDoc.obj
         Debug\MFCsnakeView.obj
         Debug\MyDlg.obj
         Debug\OutputWnd.obj
         Debug\PropertiesWnd.obj
         Debug\stdafx.obj
         Debug\ViewTree.obj
       Manifest:
         c:\Program Files (x86)\Microsoft SDKs\Windows\v7.0A\bin\mt.exe /nologo /verbose /out:"Debug\MFCsnake.exe.embed.manifest" /manifest Debug\MFCsnake.exe.intermediate.manifest "c:\Program Files (x86)\Microsoft Visual Studio 10.0\VC\Include\Manifest\dpiaware.manifest"
         所有输出均为最新。
       LinkEmbedManifest:
         所有输出均为最新。
         MFCsnake.vcxproj -> C:\Users\29488\Desktop\vc++\MFCsnake\Debug\MFCsnake.exe
       FinalizeBuildStatus:
         正在删除文件“Debug\MFCsnake.unsuccessfulbuild”。
         正在对“Debug\MFCsnake.lastbuildstate”执行 Touch 任务。
     1>已完成生成项目“C:\Users\29488\Desktop\vc++\MFCsnake\MFCsnake\MFCsnake.vcxproj”(build 个目标)的操作。

生成成功。

已用时间 00:00:00.63
